<?xml version="1.0" encoding="UTF-8"?>
<!-- Generated by org.testng.reporters.JUnitReportReporter -->
<testsuite hostname="PADMAKAR" failures="0" tests="2" name="testNG.LoginActitime" time="2.751" errors="0" timestamp="22 Feb 2024 05:09:12 GMT" skipped="0">
  <testcase classname="testNG.LoginActitime" name="logout" time="0.479"/>
  <testcase classname="testNG.LoginActitime" name="login" time="2.272"/>
</testsuite> <!-- testNG.LoginActitime -->
