<?xml version="1.0" encoding="UTF-8"?>
<!-- Generated by org.testng.reporters.JUnitReportReporter -->
<testsuite hostname="PADMAKAR" failures="0" tests="1" name="designBaseTestUsingAnnotation.CreateUser" time="15.622" errors="0" timestamp="13 Feb 2024 03:30:23 GMT" skipped="0">
  <testcase classname="designBaseTestUsingAnnotation.CreateUser" name="createUser" time="15.622"/>
</testsuite> <!-- designBaseTestUsingAnnotation.CreateUser -->
