<?xml version="1.0" encoding="UTF-8"?>
<!-- Generated by org.testng.reporters.JUnitReportReporter -->
<testsuite hostname="PADMAKAR" failures="0" tests="1" name="batchExecution.InavalidLogin" time="2.007" errors="0" timestamp="22 Feb 2024 05:17:10 GMT" skipped="0">
  <testcase classname="batchExecution.InavalidLogin" name="InvalidLogin" time="2.007"/>
</testsuite> <!-- batchExecution.InavalidLogin -->
