<?xml version="1.0" encoding="UTF-8"?>
<!-- Generated by org.testng.reporters.JUnitReportReporter -->
<testsuite hostname="PADMAKAR" failures="0" tests="1" name="designBaseTestUsingAnnotation.InavalidLogin" time="1.543" errors="0" timestamp="22 Feb 2024 05:09:39 GMT" skipped="0">
  <testcase classname="designBaseTestUsingAnnotation.InavalidLogin" name="InvalidLogin" time="1.543"/>
</testsuite> <!-- designBaseTestUsingAnnotation.InavalidLogin -->
