<?xml version="1.0" encoding="UTF-8"?>
<!-- Generated by org.testng.reporters.JUnitReportReporter -->
<testsuite hostname="PADMAKAR" failures="0" tests="1" name="batchExecution.LoginActitime" time="2.131" errors="0" timestamp="22 Feb 2024 05:17:10 GMT" skipped="0">
  <testcase classname="batchExecution.LoginActitime" name="login" time="2.131"/>
</testsuite> <!-- batchExecution.LoginActitime -->
