<?xml version="1.0" encoding="UTF-8"?>
<!-- Generated by org.testng.reporters.JUnitReportReporter -->
<testsuite hostname="PADMAKAR" failures="0" tests="1" name="com.TimesheetManagementTool_Project.TestScript.InvalidLoginTest" time="1.494" errors="0" timestamp="23 Feb 2024 04:06:04 GMT" skipped="0">
  <testcase classname="com.TimesheetManagementTool_Project.TestScript.InvalidLoginTest" name="invalidLogin" time="1.494"/>
</testsuite> <!-- com.TimesheetManagementTool_Project.TestScript.InvalidLoginTest -->
